Arguments: 
  C:\Program Files\nodejs\node.exe C:\Users\Vasili_Kazakevich\AppData\Roaming\npm\node_modules\yarn\bin\yarn.js init

PATH: 
  C:\Users\Vasili_Kazakevich\bin;C:\Program Files\Git\mingw64\bin;C:\Program Files\Git\usr\local\bin;C:\Program Files\Git\usr\bin;C:\Program Files\Git\usr\bin;C:\Program Files\Git\mingw64\bin;C:\Program Files\Git\usr\bin;C:\Users\Vasili_Kazakevich\bin;C:\Python38\Scripts;C:\Python38;C:\ProgramData\DockerDesktop\version-bin;C:\Program Files\Docker\Docker\Resources\bin;C:\Program Files\Python36\Scripts;C:\Program Files\Python36;C:\oraclexe\app\oracle\product\10.2.0\server\bin;C:\XEClient\bin;C:\WINDOWS\system32;C:\WINDOWS;C:\WINDOWS\System32\Wbem;C:\WINDOWS\System32\WindowsPowerShell\v1.0;C:\Program Files\TortoiseSVN\bin;C:\Program Files\Git\cmd;C:\WORK\progs\java11\jdk-11.0.3\bin;C:\WORK\Programs\apache-maven-3.6.1-bin\apache-maven-3.6.1\bin;C:\Program Files\Docker\Docker;C:\ProgramData\chocolatey\bin;C:\WINDOWS\System32\OpenSSH;C:\WORK\Programs\Gradle\gradle-5.5\bin;C:\Program Files (x86)\Microsoft SQL Server\150\DTS\Binn;C:\WORK\Programs\jasypt-1.9.2\jasypt-1.9.2\bin;C:\Users\Vasili_Kazakevich\AppData\Roaming\Python\Python36\Scripts;C:\Program Files\Microsoft SQL Server\Client SDK\ODBC\130\Tools\Binn;C:\Program Files\nodejs;C:\Users\Vasili_Kazakevich\AppData\Local\Microsoft\WindowsApps;C:\Users\Vasili_Kazakevich\AppData\Local\Programs\Fiddler;C:\Users\Vasili_Kazakevich\AppData\Local\atom\bin;C:\Users\Vasili_Kazakevich\AppData\Local\Programs\Microsoft VS Code\bin;C:\Program Files\Avest\AvPCM_BNB;C:\Windows\chromedriver_win32;C:\ffmpeg\bin;C:\Users\Vasili_Kazakevich\AppData\Local\Microsoft\WindowsApps;C:\Program Files\JetBrains\IntelliJ IDEA Community Edition 2019.1.2\bin;C:\Users\Vasili_Kazakevich\AppData\Roaming\npm;C:\Program Files\Git\usr\bin\vendor_perl;C:\Program Files\Git\usr\bin\core_perl

Yarn version: 
  1.22.0

Node version: 
  13.8.0

Platform: 
  win32 x64

Trace: 
  Error: Can't answer a question unless a user TTY
      at ConsoleReporter.question (C:\Users\Vasili_Kazakevich\AppData\Roaming\npm\node_modules\yarn\lib\cli.js:96783:59)
      at Object.<anonymous> (C:\Users\Vasili_Kazakevich\AppData\Roaming\npm\node_modules\yarn\lib\cli.js:89063:38)
      at Generator.next (<anonymous>)
      at step (C:\Users\Vasili_Kazakevich\AppData\Roaming\npm\node_modules\yarn\lib\cli.js:310:30)
      at C:\Users\Vasili_Kazakevich\AppData\Roaming\npm\node_modules\yarn\lib\cli.js:321:13

npm manifest: 
  No manifest

yarn manifest: 
  No manifest

Lockfile: 
  No lockfile
